TN:
SF:controllers/auth.js
FN:5,Object.<anonymous>.exports.join
FN:34,localCallback
FN:51,Object.<anonymous>.exports.login
FN:55,Object.<anonymous>.exports.logout
FNF:4
FNH:4
FNDA:6,Object.<anonymous>.exports.join
FNDA:5,localCallback
FNDA:1,Object.<anonymous>.exports.login
FNDA:1,Object.<anonymous>.exports.logout
DA:1,1
DA:2,1
DA:3,1
DA:4,1
DA:5,1
DA:6,6
DA:7,6
DA:8,1
DA:9,1
DA:10,6
DA:11,1
DA:12,1
DA:13,6
DA:14,1
DA:15,1
DA:16,3
DA:17,3
DA:18,6
DA:19,1
DA:20,1
DA:21,1
DA:22,1
DA:23,1
DA:24,1
DA:25,1
DA:26,1
DA:27,1
DA:28,1
DA:29,1
DA:30,1
DA:31,1
DA:32,6
DA:33,1
DA:34,1
DA:35,4
DA:36,1
DA:37,1
DA:38,1
DA:39,4
DA:40,1
DA:41,1
DA:42,2
DA:43,2
DA:44,1
DA:45,1
DA:46,1
DA:47,1
DA:48,2
DA:49,2
DA:50,1
DA:51,1
DA:52,1
DA:53,1
DA:54,1
DA:55,1
DA:56,1
DA:57,1
DA:58,1
DA:59,1
LF:59
LH:59
BRDA:5,0,0,6
BRDA:7,1,0,1
BRDA:9,2,0,5
BRDA:10,3,0,1
BRDA:12,4,0,4
BRDA:13,5,0,1
BRDA:15,6,0,3
BRDA:17,7,0,2
BRDA:18,8,0,1
BRDA:34,9,0,5
BRDA:34,10,0,4
BRDA:35,11,0,1
BRDA:38,12,0,3
BRDA:39,13,0,1
BRDA:41,14,0,2
BRDA:42,15,0,2
BRDA:43,16,0,1
BRDA:51,17,0,1
BRDA:55,18,0,1
BRDA:56,19,0,1
BRF:20
BRH:20
end_of_record
TN:
SF:controllers/page.js
FN:3,Object.<anonymous>.exports.renderProfile
FN:7,Object.<anonymous>.exports.renderJoin
FN:11,Object.<anonymous>.exports.renderMain
FN:30,Object.<anonymous>.exports.renderHashtag
FNF:4
FNH:4
FNDA:1,Object.<anonymous>.exports.renderProfile
FNDA:1,Object.<anonymous>.exports.renderJoin
FNDA:2,Object.<anonymous>.exports.renderMain
FNDA:4,Object.<anonymous>.exports.renderHashtag
DA:1,1
DA:2,1
DA:3,1
DA:4,1
DA:5,1
DA:6,1
DA:7,1
DA:8,1
DA:9,1
DA:10,1
DA:11,1
DA:12,2
DA:13,2
DA:14,2
DA:15,2
DA:16,2
DA:17,2
DA:18,2
DA:19,2
DA:20,1
DA:21,1
DA:22,1
DA:23,1
DA:24,1
DA:25,1
DA:26,1
DA:27,1
DA:28,2
DA:29,1
DA:30,1
DA:31,4
DA:32,4
DA:33,1
DA:34,1
DA:35,3
DA:36,3
DA:37,2
DA:38,4
DA:39,1
DA:40,1
DA:41,2
DA:42,2
DA:43,2
DA:44,2
DA:45,2
DA:46,4
DA:47,1
DA:48,1
DA:49,1
DA:50,4
LF:50
LH:50
BRDA:3,0,0,1
BRDA:7,1,0,1
BRDA:11,2,0,2
BRDA:19,3,0,1
BRDA:30,4,0,4
BRDA:32,5,0,1
BRDA:34,6,0,3
BRDA:36,7,0,2
BRDA:38,8,0,1
BRDA:40,9,0,2
BRDA:46,10,0,1
BRF:11
BRH:11
end_of_record
TN:
SF:controllers/post.js
FN:3,Object.<anonymous>.exports.afterUploadImage
FN:8,Object.<anonymous>.exports.uploadPost
FNF:2
FNH:2
FNDA:1,Object.<anonymous>.exports.afterUploadImage
FNDA:3,Object.<anonymous>.exports.uploadPost
DA:1,1
DA:2,1
DA:3,1
DA:4,1
DA:5,1
DA:6,1
DA:7,1
DA:8,1
DA:9,3
DA:10,3
DA:11,3
DA:12,3
DA:13,3
DA:14,3
DA:15,2
DA:16,3
DA:17,1
DA:18,1
DA:19,3
DA:20,3
DA:21,3
DA:22,1
DA:23,1
DA:24,1
DA:25,1
DA:26,2
DA:27,3
DA:28,1
DA:29,1
DA:30,1
DA:31,3
LF:31
LH:31
BRDA:3,0,0,1
BRDA:8,1,0,3
BRDA:14,2,0,2
BRDA:16,3,0,1
BRDA:25,4,0,2
BRDA:27,5,0,1
BRDA:18,6,0,3
BRDA:24,7,0,3
BRF:8
BRH:8
end_of_record
TN:
SF:controllers/user.js
FN:3,Object.<anonymous>.exports.follow
FNF:1
FNH:1
FNDA:3,Object.<anonymous>.exports.follow
DA:1,1
DA:2,1
DA:3,1
DA:4,3
DA:5,3
DA:6,3
DA:7,1
DA:8,1
DA:9,1
DA:10,1
DA:11,1
DA:12,3
DA:13,1
DA:14,1
DA:15,1
DA:16,3
LF:16
LH:16
BRDA:3,0,0,3
BRDA:5,1,0,2
BRDA:6,2,0,1
BRDA:12,3,0,1
BRF:4
BRH:4
end_of_record
TN:
SF:middlewares/index.js
FN:1,Object.<anonymous>.exports.isLoggedIn
FN:9,Object.<anonymous>.exports.isNotLoggedIn
FNF:2
FNH:2
FNDA:2,Object.<anonymous>.exports.isLoggedIn
FNDA:2,Object.<anonymous>.exports.isNotLoggedIn
DA:1,1
DA:2,2
DA:3,1
DA:4,1
DA:5,1
DA:6,1
DA:7,2
DA:8,1
DA:9,1
DA:10,2
DA:11,1
DA:12,1
DA:13,1
DA:14,1
DA:15,1
DA:16,2
LF:16
LH:16
BRDA:1,0,0,2
BRDA:2,1,0,1
BRDA:9,2,0,2
BRDA:10,3,0,1
BRF:4
BRH:4
end_of_record
TN:
SF:models/hashtag.js
FN:4,initiate
FN:23,associate
FNF:2
FNH:2
FNDA:10,initiate
FNDA:10,associate
DA:1,1
DA:2,1
DA:3,1
DA:4,1
DA:5,10
DA:6,10
DA:7,10
DA:8,10
DA:9,10
DA:10,10
DA:11,10
DA:12,10
DA:13,10
DA:14,10
DA:15,10
DA:16,10
DA:17,10
DA:18,10
DA:19,10
DA:20,10
DA:21,10
DA:22,1
DA:23,1
DA:24,10
DA:25,10
DA:26,1
DA:27,1
DA:28,1
LF:28
LH:28
BRDA:4,0,0,10
BRDA:23,1,0,10
BRF:2
BRH:2
end_of_record
TN:
SF:models/index.js
FNF:0
FNH:0
DA:1,1
DA:2,1
DA:3,1
DA:4,1
DA:5,1
DA:6,1
DA:7,1
DA:8,1
DA:9,1
DA:10,1
DA:11,1
DA:12,1
DA:13,1
DA:14,1
DA:15,1
DA:16,1
DA:17,1
DA:18,1
DA:19,81
DA:20,81
DA:21,1
DA:22,27
DA:23,27
DA:24,27
DA:25,27
DA:26,1
DA:27,1
DA:28,1
DA:29,36
DA:30,27
DA:31,27
DA:32,1
DA:33,1
DA:34,1
LF:34
LH:34
BRDA:4,0,0,1
BRDA:18,1,0,81
BRDA:19,2,0,45
BRDA:19,3,0,45
BRDA:19,4,0,36
BRDA:21,5,0,27
BRDA:28,6,0,36
BRDA:29,7,0,27
BRF:8
BRH:8
end_of_record
TN:
SF:models/post.js
FN:4,initiate
FN:26,associate
FNF:2
FNH:2
FNDA:10,initiate
FNDA:10,associate
DA:1,1
DA:2,1
DA:3,1
DA:4,1
DA:5,10
DA:6,10
DA:7,10
DA:8,10
DA:9,10
DA:10,10
DA:11,10
DA:12,10
DA:13,10
DA:14,10
DA:15,10
DA:16,10
DA:17,10
DA:18,10
DA:19,10
DA:20,10
DA:21,10
DA:22,10
DA:23,10
DA:24,10
DA:25,1
DA:26,1
DA:27,10
DA:28,10
DA:29,10
DA:30,1
DA:31,1
DA:32,1
LF:32
LH:32
BRDA:4,0,0,10
BRDA:26,1,0,10
BRF:2
BRH:2
end_of_record
TN:
SF:models/user.js
FN:4,initiate
FN:40,associate
FNF:2
FNH:2
FNDA:10,initiate
FNDA:10,associate
DA:1,1
DA:2,1
DA:3,1
DA:4,1
DA:5,10
DA:6,10
DA:7,10
DA:8,10
DA:9,10
DA:10,10
DA:11,10
DA:12,10
DA:13,10
DA:14,10
DA:15,10
DA:16,10
DA:17,10
DA:18,10
DA:19,10
DA:20,10
DA:21,10
DA:22,10
DA:23,10
DA:24,10
DA:25,10
DA:26,10
DA:27,10
DA:28,10
DA:29,10
DA:30,10
DA:31,10
DA:32,10
DA:33,10
DA:34,10
DA:35,10
DA:36,10
DA:37,10
DA:38,10
DA:39,1
DA:40,1
DA:41,10
DA:42,10
DA:43,10
DA:44,10
DA:45,10
DA:46,10
DA:47,10
DA:48,10
DA:49,10
DA:50,10
DA:51,10
DA:52,10
DA:53,1
DA:54,1
DA:55,1
LF:55
LH:55
BRDA:4,0,0,10
BRDA:40,1,0,10
BRF:2
BRH:2
end_of_record
TN:
SF:passport/index.js
FN:6,afterDeserialize
FN:26,passportInit
FNF:2
FNH:2
FNDA:2,afterDeserialize
FNDA:2,passportInit
DA:1,1
DA:2,1
DA:3,1
DA:4,1
DA:5,1
DA:6,1
DA:7,2
DA:8,2
DA:9,2
DA:10,2
DA:11,2
DA:12,2
DA:13,2
DA:14,2
DA:15,2
DA:16,2
DA:17,2
DA:18,2
DA:19,2
DA:20,2
DA:21,1
DA:22,1
DA:23,2
DA:24,2
DA:25,2
DA:26,1
DA:27,2
DA:28,1
DA:29,1
DA:30,2
DA:31,2
DA:32,2
DA:33,2
DA:34,2
DA:35,2
DA:36,2
DA:37,1
DA:38,1
LF:38
LH:38
BRDA:6,0,0,2
BRDA:20,1,0,1
BRDA:24,2,0,1
BRDA:26,3,0,2
BRDA:27,4,0,1
BRF:5
BRH:5
end_of_record
TN:
SF:passport/kakaoStrategy.js
FN:6,kakaoStrategy
FN:28,kakaoStrategyInit
FNF:2
FNH:1
FNDA:3,kakaoStrategy
FNDA:0,kakaoStrategyInit
DA:1,1
DA:2,1
DA:3,1
DA:4,1
DA:5,1
DA:6,1
DA:7,3
DA:8,3
DA:9,3
DA:10,3
DA:11,3
DA:12,3
DA:13,1
DA:14,1
DA:15,1
DA:16,1
DA:17,1
DA:18,1
DA:19,1
DA:20,1
DA:21,1
DA:22,1
DA:23,3
DA:24,1
DA:25,1
DA:26,1
DA:27,3
DA:28,1
DA:29,0
DA:30,0
DA:31,0
DA:32,0
DA:33,0
DA:34,1
DA:35,1
LF:35
LH:30
BRDA:6,0,0,3
BRDA:11,1,0,2
BRDA:12,2,0,1
BRDA:23,3,0,1
BRF:4
BRH:4
end_of_record
TN:
SF:passport/localStrategy.js
FN:6,localStrategy
FN:24,localStrategyInit
FNF:2
FNH:1
FNDA:4,localStrategy
FNDA:0,localStrategyInit
DA:1,1
DA:2,1
DA:3,1
DA:4,1
DA:5,1
DA:6,1
DA:7,4
DA:8,4
DA:9,4
DA:10,2
DA:11,2
DA:12,1
DA:13,1
DA:14,1
DA:15,1
DA:16,4
DA:17,1
DA:18,1
DA:19,4
DA:20,1
DA:21,1
DA:22,1
DA:23,4
DA:24,1
DA:25,0
DA:26,0
DA:27,0
DA:28,0
DA:29,0
DA:30,0
DA:31,1
DA:32,1
LF:32
LH:26
BRDA:6,0,0,4
BRDA:8,1,0,3
BRDA:9,2,0,2
BRDA:11,3,0,1
BRDA:16,4,0,1
BRDA:19,5,0,1
BRF:6
BRH:6
end_of_record
TN:
SF:routes/auth.js
FN:21,kakaoCallbackSuccess
FNF:1
FNH:1
FNDA:1,kakaoCallbackSuccess
DA:1,1
DA:2,1
DA:3,1
DA:4,1
DA:5,1
DA:6,1
DA:7,1
DA:8,1
DA:9,1
DA:10,1
DA:11,1
DA:12,1
DA:13,1
DA:14,1
DA:15,1
DA:16,1
DA:17,1
DA:18,1
DA:19,1
DA:20,1
DA:21,1
DA:22,1
DA:23,1
DA:24,1
DA:25,1
DA:26,1
DA:27,1
DA:28,1
DA:29,1
DA:30,1
LF:30
LH:30
BRDA:21,0,0,1
BRF:1
BRH:1
end_of_record
TN:
SF:routes/page.js
FN:9,countFollow
FNF:1
FNH:1
FNDA:2,countFollow
DA:1,1
DA:2,1
DA:3,1
DA:4,1
DA:5,1
DA:6,1
DA:7,1
DA:8,1
DA:9,1
DA:10,2
DA:11,2
DA:12,2
DA:13,2
DA:14,2
DA:15,2
DA:16,1
DA:17,1
DA:18,1
DA:19,1
DA:20,1
DA:21,1
DA:22,1
DA:23,1
DA:24,1
DA:25,1
DA:26,1
DA:27,1
LF:27
LH:27
BRDA:9,0,0,2
BRDA:11,1,0,1
BRDA:12,2,0,1
BRDA:12,3,0,1
BRDA:13,4,0,1
BRDA:13,5,0,1
BRDA:13,6,0,2
BRF:7
BRH:7
end_of_record
TN:
SF:routes/post.js
FN:20,destination
FN:23,filename
FNF:2
FNH:2
FNDA:1,destination
FNDA:1,filename
DA:1,1
DA:2,1
DA:3,1
DA:4,1
DA:5,1
DA:6,1
DA:7,1
DA:8,1
DA:9,1
DA:10,1
DA:11,1
DA:12,1
DA:13,1
DA:14,1
DA:15,1
DA:16,1
DA:17,1
DA:18,1
DA:19,1
DA:20,1
DA:21,1
DA:22,1
DA:23,1
DA:24,1
DA:25,1
DA:26,1
DA:27,1
DA:28,1
DA:29,1
DA:30,1
DA:31,1
DA:32,1
DA:33,1
DA:34,1
DA:35,1
DA:36,1
DA:37,1
DA:38,1
DA:39,1
DA:40,1
DA:41,1
LF:41
LH:41
BRDA:20,0,0,1
BRDA:23,1,0,1
BRF:2
BRH:2
end_of_record
